<?xml version="1.0" encoding="UTF-8"?>
<!-- Generated by org.testng.reporters.JUnitReportReporter -->
<testsuite skipped="0" hostname="Nitya" name="com.qa.apistesting.ReadJsonDataFromExternalFile" tests="1" failures="0" timestamp="03 May 2023 06:29:48 GMT" time="1.314" errors="0">
  <testcase name="createPlace" time="1.314" classname="com.qa.apistesting.ReadJsonDataFromExternalFile"/>
</testsuite> <!-- com.qa.apistesting.ReadJsonDataFromExternalFile -->
