<?xml version="1.0" encoding="UTF-8"?>
<!-- Generated by org.testng.reporters.JUnitReportReporter -->
<testsuite skipped="0" hostname="Nitya" name="com.qa.apistesting.E2ETesting" tests="3" failures="0" timestamp="11 May 2023 14:54:38 GMT" time="54.213" errors="0">
  <testcase name="createData" time="14.235" classname="com.qa.apistesting.E2ETesting"/>
  <testcase name="createData" time="18.010" classname="com.qa.apistesting.E2ETesting"/>
  <testcase name="createData" time="21.968" classname="com.qa.apistesting.E2ETesting"/>
</testsuite> <!-- com.qa.apistesting.E2ETesting -->
