<?xml version="1.0" encoding="UTF-8"?>
<!-- Generated by org.testng.reporters.JUnitReportReporter -->
<testsuite skipped="0" hostname="Nitya" name="com.qa.apistesting.JiraBugCreateAPIAndAddComent" tests="1" failures="0" timestamp="03 May 2023 15:01:00 GMT" time="3.609" errors="0">
  <testcase name="createBug" time="3.609" classname="com.qa.apistesting.JiraBugCreateAPIAndAddComent"/>
</testsuite> <!-- com.qa.apistesting.JiraBugCreateAPIAndAddComent -->
