<?xml version="1.0" encoding="UTF-8"?>
<!-- Generated by org.testng.reporters.JUnitReportReporter -->
<testsuite skipped="0" hostname="Nitya" name="com.qa.apistesting.JiraBugCreateAPI" tests="1" failures="0" timestamp="03 May 2023 12:40:44 GMT" time="3.765" errors="0">
  <testcase name="createBug" time="3.765" classname="com.qa.apistesting.JiraBugCreateAPI"/>
</testsuite> <!-- com.qa.apistesting.JiraBugCreateAPI -->
