<?xml version="1.0" encoding="UTF-8"?>
<!-- Generated by org.testng.reporters.JUnitReportReporter -->
<testsuite skipped="0" hostname="Nitya" name="com.qa.apistesting.JiraBugCreateAPIAndAddComent" tests="1" failures="0" timestamp="01 Jun 2023 18:05:21 GMT" time="3.954" errors="0">
  <testcase name="createBug" time="3.954" classname="com.qa.apistesting.JiraBugCreateAPIAndAddComent"/>
</testsuite> <!-- com.qa.apistesting.JiraBugCreateAPIAndAddComent -->
