<?xml version="1.0" encoding="UTF-8"?>
<!-- Generated by org.testng.reporters.JUnitReportReporter -->
<testsuite skipped="0" hostname="Nitya" name="com.qa.apistesting.E2ETestingUsingReqAndResSpecBuilder" tests="3" failures="0" timestamp="11 May 2023 14:59:40 GMT" time="52.685" errors="0">
  <testcase name="createData" time="17.568" classname="com.qa.apistesting.E2ETestingUsingReqAndResSpecBuilder"/>
  <testcase name="createData" time="18.128" classname="com.qa.apistesting.E2ETestingUsingReqAndResSpecBuilder"/>
  <testcase name="createData" time="16.989" classname="com.qa.apistesting.E2ETestingUsingReqAndResSpecBuilder"/>
</testsuite> <!-- com.qa.apistesting.E2ETestingUsingReqAndResSpecBuilder -->
