<?xml version="1.0" encoding="UTF-8"?>
<!-- Generated by org.testng.reporters.JUnitReportReporter -->
<testsuite skipped="0" hostname="Nitya" name="com.qa.apistesting.GoogleMapCrudTesting" tests="1" failures="0" timestamp="11 May 2023 14:15:52 GMT" time="4.925" errors="0">
  <testcase name="googleMapCrud" time="4.925" classname="com.qa.apistesting.GoogleMapCrudTesting"/>
</testsuite> <!-- com.qa.apistesting.GoogleMapCrudTesting -->
