<?xml version="1.0" encoding="UTF-8"?>
<!-- Generated by org.testng.reporters.JUnitReportReporter -->
<testsuite skipped="0" hostname="Nitya" name="com.qa.apistesting.EcommApiE2eTest" tests="1" failures="0" timestamp="13 May 2023 11:30:00 GMT" time="9.751" errors="0">
  <testcase name="E2ETest" time="9.751" classname="com.qa.apistesting.EcommApiE2eTest"/>
</testsuite> <!-- com.qa.apistesting.EcommApiE2eTest -->
